Arguments: 
  /usr/local/bin/node /usr/local/bin/yarn

PATH: 
  /Library/Frameworks/Python.framework/Versions/2.7/bin:/usr/local/bin:/usr/bin:/bin:/usr/sbin:/sbin:/Library/Frameworks/Python.framework/Versions/2.7/bin

Yarn version: 
  1.17.3

Node version: 
  10.16.0

Platform: 
  darwin x64

Trace: 
  Error: EACCES: permission denied, mkdir '/Users/yonglin/Desktop/hexo/node_modules/ansistyles'

npm manifest: 
  {
    "name": "hexo-site",
    "version": "0.0.0",
    "private": true,
    "hexo": {
      "version": "3.9.0"
    },
    "dependencies": {
      "cnpm": "^5.1.1",
      "hexo": "^3.9.0",
      "hexo-deployer-git": "^0.3.1",
      "hexo-generator-archive": "^0.1.4",
      "hexo-generator-category": "^0.1.3",
      "hexo-generator-feed": "^1.2.2",
      "hexo-generator-index": "^0.2.0",
      "hexo-generator-tag": "^0.2.0",
      "hexo-helper-live2d": "^2.1.5",
      "hexo-offline": "^1.0.0",
      "hexo-renderer-ejs": "^0.3.0",
      "hexo-renderer-jade": "^0.4.1",
      "hexo-renderer-marked": "^0.3.0",
      "hexo-renderer-sass": "^0.3.2",
      "hexo-renderer-stylus": "^0.3.1",
      "hexo-server": "^0.2.0",
      "hexo-tag-aplayer": "^3.0.3",
      "hexo-tag-dplayer": "^0.3.3",
      "hexo-wordcount": "^3.0.2",
      "next": "^4.2.2"
    }
  }

yarn manifest: 
  No manifest

Lockfile: 
  No lockfile
